<?xml version="1.0" encoding="UTF-8"?>
<testng-results ignored="0" total="1" passed="1" failed="0" skipped="0">
  <reporter-output>
  </reporter-output>
  <suite started-at="2025-01-24T10:26:00 IST" name="Default suite" finished-at="2025-01-24T10:26:12 IST" duration-ms="11791">
    <groups>
    </groups>
    <test started-at="2025-01-24T10:26:00 IST" name="Default test" finished-at="2025-01-24T10:26:12 IST" duration-ms="11791">
      <class name="amazonfirstproject.Project1_Amazon.Testcase_5">
        <test-method is-config="true" signature="launch()[pri:0, instance:amazonfirstproject.Project1_Amazon.Testcase_5@82de64a]" started-at="2025-01-24T10:26:00 IST" name="launch" finished-at="2025-01-24T10:26:07 IST" duration-ms="7018" status="PASS">
          <reporter-output>
          </reporter-output>
        </test-method> <!-- launch -->
        <test-method signature="search_1()[pri:0, instance:amazonfirstproject.Project1_Amazon.Testcase_5@82de64a]" started-at="2025-01-24T10:26:07 IST" name="search_1" finished-at="2025-01-24T10:26:12 IST" duration-ms="4735" status="PASS">
          <reporter-output>
          </reporter-output>
        </test-method> <!-- search_1 -->
      </class> <!-- amazonfirstproject.Project1_Amazon.Testcase_5 -->
    </test> <!-- Default test -->
  </suite> <!-- Default suite -->
</testng-results>
